Arguments: 
  E:\nodejs\node.exe E:\Yarn\bin\yarn.js add react-redux

PATH: 
  E:\Python27\;E:\Python27\Scripts;C:\WINDOWS\system32;C:\WINDOWS;C:\WINDOWS\System32\Wbem;C:\WINDOWS\System32\WindowsPowerShell\v1.0\;E:\TortoiseSVN\bin;E:\Git\cmd;C:\WINDOWS\System32\OpenSSH\;C:\ProgramData\chocolatey\bin;E:\Yarn\bin\;E:\nodejs\;C:\Ruby25-x64\bin;C:\Users\Administrator\AppData\Local\Microsoft\WindowsApps;;E:\Microsoft VS Code\bin;E:\bandizip\;C:\Users\Administrator\AppData\Local\Yarn\bin;C:\Users\Administrator\AppData\Roaming\npm;C:\tools\dart-sdk\bin;C:\Users\Administrator\AppData\Roaming\Pub\Cache\bin;

Yarn version: 
  1.12.1

Node version: 
  10.14.2

Platform: 
  win32 x64

Trace: 
  Error: EPERM: operation not permitted, unlink 'C:\Users\Administrator\Desktop\react\antd-demo\node_modules\node-sass\vendor\win32-x64-64\binding.node'

npm manifest: 
  {
    "name": "antd-demo",
    "version": "0.1.0",
    "private": true,
    "dependencies": {
      "antd": "^3.11.6",
      "lodash": "^4.17.11",
      "react": "^16.7.0",
      "react-dom": "^16.7.0",
      "react-router-dom": "^4.3.1",
      "react-scripts": "2.1.2",
      "redux": "^4.0.1"
    },
    "scripts": {
      "start": "react-scripts start",
      "build": "react-scripts build",
      "test": "react-scripts test",
      "eject": "react-scripts eject"
    },
    "eslintConfig": {
      "extends": "react-app"
    },
    "browserslist": [
      ">0.2%",
      "not dead",
      "not ie <= 11",
      "not op_mini all"
    ],
    "devDependencies": {
      "babel-plugin-import": "^1.11.0",
      "node-sass": "^4.11.0"
    }
  }

yarn manifest: 
  No manifest

Lockfile: 
  No lockfile
